<!DOCTYPE html>

<html>
  <head>
  <meta charset='utf-8'>
  <title>TestNG reports</title>

    <link type="text/css" href="testng-reports.css" rel="stylesheet" />
    <script type="text/javascript" src="jquery-1.7.1.min.js"></script>
    <script type="text/javascript" src="testng-reports.js"></script>
    <script type="text/javascript" src="https://www.google.com/jsapi"></script>
    <script type='text/javascript'>
      google.load('visualization', '1', {packages:['table']});
      google.setOnLoadCallback(drawTable);
      var suiteTableInitFunctions = new Array();
      var suiteTableData = new Array();
    </script>
    <!--
      <script type="text/javascript" src="jquery-ui/js/jquery-ui-1.8.16.custom.min.js"></script>
     -->
  </head>

  <body>
    <div class="top-banner-root">
      <span class="top-banner-title-font">Test results</span>
      <br/>
      <span class="top-banner-font-1">1 suite, 1 failed test</span>
    </div> <!-- top-banner-root -->
    <div class="navigator-root">
      <div class="navigator-suite-header">
        <span>All suites</span>
        <a href="#" class="collapse-all-link" title="Collapse/expand all the suites">
          <img class="collapse-all-icon" src="collapseall.gif">
          </img> <!-- collapse-all-icon -->
        </a> <!-- collapse-all-link -->
      </div> <!-- navigator-suite-header -->
      <div class="suite">
        <div class="rounded-window">
          <div class="suite-header light-rounded-window-top">
            <a href="#" class="navigator-link" panel-name="suite-3DBroadCastSales_Functional_Test_Suite">
              <span class="suite-name border-failed">3DBroadCastSales_Functional_Test_Suite</span>
            </a> <!-- navigator-link -->
          </div> <!-- suite-header light-rounded-window-top -->
          <div class="navigator-suite-content">
            <div class="suite-section-title">
              <span>Info</span>
            </div> <!-- suite-section-title -->
            <div class="suite-section-content">
              <ul>
                <li>
                  <a href="#" class="navigator-link " panel-name="test-xml-3DBroadCastSales_Functional_Test_Suite">
                    <span>C:\Users\User\eclipse-workspace\3DBroadCastSales\Build\Package.xml</span>
                  </a> <!-- navigator-link  -->
                </li>
                <li>
                  <a href="#" class="navigator-link " panel-name="testlist-3DBroadCastSales_Functional_Test_Suite">
                    <span class="test-stats">1 test</span>
                  </a> <!-- navigator-link  -->
                </li>
                <li>
                  <a href="#" class="navigator-link " panel-name="group-3DBroadCastSales_Functional_Test_Suite">
                    <span>0 groups</span>
                  </a> <!-- navigator-link  -->
                </li>
                <li>
                  <a href="#" class="navigator-link " panel-name="times-3DBroadCastSales_Functional_Test_Suite">
                    <span>Times</span>
                  </a> <!-- navigator-link  -->
                </li>
                <li>
                  <a href="#" class="navigator-link " panel-name="reporter-3DBroadCastSales_Functional_Test_Suite">
                    <span>Reporter output</span>
                  </a> <!-- navigator-link  -->
                </li>
                <li>
                  <a href="#" class="navigator-link " panel-name="ignored-methods-3DBroadCastSales_Functional_Test_Suite">
                    <span>Ignored methods</span>
                  </a> <!-- navigator-link  -->
                </li>
                <li>
                  <a href="#" class="navigator-link " panel-name="chronological-3DBroadCastSales_Functional_Test_Suite">
                    <span>Chronological view</span>
                  </a> <!-- navigator-link  -->
                </li>
              </ul>
            </div> <!-- suite-section-content -->
            <div class="result-section">
              <div class="suite-section-title">
                <span>Results</span>
              </div> <!-- suite-section-title -->
              <div class="suite-section-content">
                <ul>
                  <li>
                    <span class="method-stats">3 methods, 1 failed,  2 skipped,  </span>
                  </li>
                  <li>
                    <span class="method-list-title failed">Failed methods</span>
                    <span class="show-or-hide-methods failed">
                      <a href="#" panel-name="suite-3DBroadCastSales_Functional_Test_Suite" class="hide-methods failed suite-3DBroadCastSales_Functional_Test_Suite"> (hide)</a> <!-- hide-methods failed suite-3DBroadCastSales_Functional_Test_Suite -->
                      <a href="#" panel-name="suite-3DBroadCastSales_Functional_Test_Suite" class="show-methods failed suite-3DBroadCastSales_Functional_Test_Suite"> (show)</a> <!-- show-methods failed suite-3DBroadCastSales_Functional_Test_Suite -->
                    </span>
                    <div class="method-list-content failed suite-3DBroadCastSales_Functional_Test_Suite">
                      <span>
                        <img width="3%" src="failed.png"/>
                        <a href="#" class="method navigator-link" panel-name="suite-3DBroadCastSales_Functional_Test_Suite" title="com.automation.index.PackageIndex" hash-for-method="TC_LogIn_02">TC_LogIn_02</a> <!-- method navigator-link -->
                      </span>
                      <br/>
                    </div> <!-- method-list-content failed suite-3DBroadCastSales_Functional_Test_Suite -->
                  </li>
                  <li>
                    <span class="method-list-title skipped">Skipped methods</span>
                    <span class="show-or-hide-methods skipped">
                      <a href="#" panel-name="suite-3DBroadCastSales_Functional_Test_Suite" class="hide-methods skipped suite-3DBroadCastSales_Functional_Test_Suite"> (hide)</a> <!-- hide-methods skipped suite-3DBroadCastSales_Functional_Test_Suite -->
                      <a href="#" panel-name="suite-3DBroadCastSales_Functional_Test_Suite" class="show-methods skipped suite-3DBroadCastSales_Functional_Test_Suite"> (show)</a> <!-- show-methods skipped suite-3DBroadCastSales_Functional_Test_Suite -->
                    </span>
                    <div class="method-list-content skipped suite-3DBroadCastSales_Functional_Test_Suite">
                      <span>
                        <img width="3%" src="skipped.png"/>
                        <a href="#" class="method navigator-link" panel-name="suite-3DBroadCastSales_Functional_Test_Suite" title="com.automation.index.PackageIndex" hash-for-method="TC_LogIn_02">TC_LogIn_02</a> <!-- method navigator-link -->
                      </span>
                      <br/>
                      <span>
                        <img width="3%" src="skipped.png"/>
                        <a href="#" class="method navigator-link" panel-name="suite-3DBroadCastSales_Functional_Test_Suite" title="com.automation.index.PackageIndex" hash-for-method="TC_LogIn_02">TC_LogIn_02</a> <!-- method navigator-link -->
                      </span>
                      <br/>
                    </div> <!-- method-list-content skipped suite-3DBroadCastSales_Functional_Test_Suite -->
                  </li>
                </ul>
              </div> <!-- suite-section-content -->
            </div> <!-- result-section -->
          </div> <!-- navigator-suite-content -->
        </div> <!-- rounded-window -->
      </div> <!-- suite -->
    </div> <!-- navigator-root -->
    <div class="wrapper">
      <div class="main-panel-root">
        <div panel-name="suite-3DBroadCastSales_Functional_Test_Suite" class="panel 3DBroadCastSales_Functional_Test_Suite">
          <div class="suite-3DBroadCastSales_Functional_Test_Suite-class-failed">
            <div class="main-panel-header rounded-window-top">
              <img src="failed.png"/>
              <span class="class-name">com.automation.index.PackageIndex</span>
            </div> <!-- main-panel-header rounded-window-top -->
            <div class="main-panel-content rounded-window-bottom">
              <div class="method">
                <div class="method-content">
                  <a name="TC_LogIn_02">
                  </a> <!-- TC_LogIn_02 -->
                  <span class="method-name">TC_LogIn_02</span>
                  <div class="stack-trace">org.openqa.selenium.NoSuchElementException: no such element: Unable to locate element: {&quot;method&quot;:&quot;xpath&quot;,&quot;selector&quot;:&quot;//a[contains(text(),&apos;Account Information&apos;)]&quot;}
  (Session info: chrome=74.0.3729.131)
  (Driver info: chromedriver=2.41.578737 (49da6702b16031c40d63e5618de03a32ff6c197e),platform=Windows NT 10.0.17763 x86_64) (WARNING: The server did not provide any stacktrace information)
Command duration or timeout: 0 milliseconds
For documentation on this error, please visit: http://seleniumhq.org/exceptions/no_such_element.html
Build info: version: &apos;3.13.0&apos;, revision: &apos;2f0d292&apos;, time: &apos;2018-06-25T15:24:21.231Z&apos;
System info: host: &apos;DESKTOP-GJ9SRJ9&apos;, ip: &apos;192.168.1.111&apos;, os.name: &apos;Windows 10&apos;, os.arch: &apos;amd64&apos;, os.version: &apos;10.0&apos;, java.version: &apos;1.8.0_191&apos;
Driver info: org.openqa.selenium.chrome.ChromeDriver
Capabilities {acceptInsecureCerts: false, acceptSslCerts: false, applicationCacheEnabled: false, browserConnectionEnabled: false, browserName: chrome, chrome: {chromedriverVersion: 2.41.578737 (49da6702b16031..., userDataDir: C:\Users\User\AppData\Local...}, cssSelectorsEnabled: true, databaseEnabled: false, goog:chromeOptions: {debuggerAddress: localhost:51959}, handlesAlerts: true, hasTouchScreen: false, javascriptEnabled: true, locationContextEnabled: true, mobileEmulationEnabled: false, nativeEvents: true, networkConnectionEnabled: false, pageLoadStrategy: normal, platform: XP, platformName: XP, rotatable: false, setWindowRect: true, takesHeapSnapshot: true, takesScreenshot: true, unexpectedAlertBehaviour: , unhandledPromptBehavior: , version: 74.0.3729.131, webStorageEnabled: true}
Session ID: 59704b280a76783c3a77ac9ee39c17cd
*** Element info: {Using=xpath, value=//a[contains(text(),&apos;Account Information&apos;)]}
	at org.openqa.selenium.remote.ErrorHandler.createThrowable(ErrorHandler.java:214)
	at org.openqa.selenium.remote.ErrorHandler.throwIfResponseFailed(ErrorHandler.java:166)
	at org.openqa.selenium.remote.http.JsonHttpResponseCodec.reconstructValue(JsonHttpResponseCodec.java:40)
	at org.openqa.selenium.remote.http.AbstractHttpResponseCodec.decode(AbstractHttpResponseCodec.java:80)
	at org.openqa.selenium.remote.http.AbstractHttpResponseCodec.decode(AbstractHttpResponseCodec.java:44)
	at org.openqa.selenium.remote.HttpCommandExecutor.execute(HttpCommandExecutor.java:158)
	at org.openqa.selenium.remote.service.DriverCommandExecutor.execute(DriverCommandExecutor.java:83)
	at org.openqa.selenium.remote.RemoteWebDriver.execute(RemoteWebDriver.java:548)
	at org.openqa.selenium.remote.RemoteWebDriver.findElement(RemoteWebDriver.java:322)
	at org.openqa.selenium.remote.RemoteWebDriver.findElementByXPath(RemoteWebDriver.java:424)
	at org.openqa.selenium.By$ByXPath.findElement(By.java:353)
	at org.openqa.selenium.remote.RemoteWebDriver.findElement(RemoteWebDriver.java:314)
	at com.automation.verification.PackageVerification.logindetailsverification(PackageVerification.java:217)
	at com.automation.index.PackageIndex.TC_LogIn_02(PackageIndex.java:154)
	at java.util.concurrent.FutureTask.run(Unknown Source)
	at java.util.concurrent.ThreadPoolExecutor.runWorker(Unknown Source)
	at java.util.concurrent.ThreadPoolExecutor$Worker.run(Unknown Source)
	at java.lang.Thread.run(Unknown Source)
... Removed 20 stack frames
</div> <!-- stack-trace -->
                </div> <!-- method-content -->
              </div> <!-- method -->
            </div> <!-- main-panel-content rounded-window-bottom -->
          </div> <!-- suite-3DBroadCastSales_Functional_Test_Suite-class-failed -->
          <div class="suite-3DBroadCastSales_Functional_Test_Suite-class-skipped">
            <div class="main-panel-header rounded-window-top">
              <img src="skipped.png"/>
              <span class="class-name">com.automation.index.PackageIndex</span>
            </div> <!-- main-panel-header rounded-window-top -->
            <div class="main-panel-content rounded-window-bottom">
              <div class="method">
                <div class="method-content">
                  <a name="TC_LogIn_02">
                  </a> <!-- TC_LogIn_02 -->
                  <span class="method-name">TC_LogIn_02</span>
                  <div class="stack-trace">org.openqa.selenium.NoSuchElementException: no such element: Unable to locate element: {&quot;method&quot;:&quot;xpath&quot;,&quot;selector&quot;:&quot;//a[contains(text(),&apos;Account Information&apos;)]&quot;}
  (Session info: chrome=74.0.3729.131)
  (Driver info: chromedriver=2.41.578737 (49da6702b16031c40d63e5618de03a32ff6c197e),platform=Windows NT 10.0.17763 x86_64) (WARNING: The server did not provide any stacktrace information)
Command duration or timeout: 0 milliseconds
For documentation on this error, please visit: http://seleniumhq.org/exceptions/no_such_element.html
Build info: version: &apos;3.13.0&apos;, revision: &apos;2f0d292&apos;, time: &apos;2018-06-25T15:24:21.231Z&apos;
System info: host: &apos;DESKTOP-GJ9SRJ9&apos;, ip: &apos;192.168.1.111&apos;, os.name: &apos;Windows 10&apos;, os.arch: &apos;amd64&apos;, os.version: &apos;10.0&apos;, java.version: &apos;1.8.0_191&apos;
Driver info: org.openqa.selenium.chrome.ChromeDriver
Capabilities {acceptInsecureCerts: false, acceptSslCerts: false, applicationCacheEnabled: false, browserConnectionEnabled: false, browserName: chrome, chrome: {chromedriverVersion: 2.41.578737 (49da6702b16031..., userDataDir: C:\Users\User\AppData\Local...}, cssSelectorsEnabled: true, databaseEnabled: false, goog:chromeOptions: {debuggerAddress: localhost:51891}, handlesAlerts: true, hasTouchScreen: false, javascriptEnabled: true, locationContextEnabled: true, mobileEmulationEnabled: false, nativeEvents: true, networkConnectionEnabled: false, pageLoadStrategy: normal, platform: XP, platformName: XP, rotatable: false, setWindowRect: true, takesHeapSnapshot: true, takesScreenshot: true, unexpectedAlertBehaviour: , unhandledPromptBehavior: , version: 74.0.3729.131, webStorageEnabled: true}
Session ID: 4acfaf2ee1598e79c015760e2aefabfb
*** Element info: {Using=xpath, value=//a[contains(text(),&apos;Account Information&apos;)]}
	at org.openqa.selenium.remote.ErrorHandler.createThrowable(ErrorHandler.java:214)
	at org.openqa.selenium.remote.ErrorHandler.throwIfResponseFailed(ErrorHandler.java:166)
	at org.openqa.selenium.remote.http.JsonHttpResponseCodec.reconstructValue(JsonHttpResponseCodec.java:40)
	at org.openqa.selenium.remote.http.AbstractHttpResponseCodec.decode(AbstractHttpResponseCodec.java:80)
	at org.openqa.selenium.remote.http.AbstractHttpResponseCodec.decode(AbstractHttpResponseCodec.java:44)
	at org.openqa.selenium.remote.HttpCommandExecutor.execute(HttpCommandExecutor.java:158)
	at org.openqa.selenium.remote.service.DriverCommandExecutor.execute(DriverCommandExecutor.java:83)
	at org.openqa.selenium.remote.RemoteWebDriver.execute(RemoteWebDriver.java:548)
	at org.openqa.selenium.remote.RemoteWebDriver.findElement(RemoteWebDriver.java:322)
	at org.openqa.selenium.remote.RemoteWebDriver.findElementByXPath(RemoteWebDriver.java:424)
	at org.openqa.selenium.By$ByXPath.findElement(By.java:353)
	at org.openqa.selenium.remote.RemoteWebDriver.findElement(RemoteWebDriver.java:314)
	at com.automation.verification.PackageVerification.logindetailsverification(PackageVerification.java:217)
	at com.automation.index.PackageIndex.TC_LogIn_02(PackageIndex.java:154)
	at java.util.concurrent.FutureTask.run(Unknown Source)
	at java.util.concurrent.ThreadPoolExecutor.runWorker(Unknown Source)
	at java.util.concurrent.ThreadPoolExecutor$Worker.run(Unknown Source)
	at java.lang.Thread.run(Unknown Source)
... Removed 20 stack frames
</div> <!-- stack-trace -->
                </div> <!-- method-content -->
              </div> <!-- method -->
              <div class="method">
                <div class="method-content">
                  <a name="TC_LogIn_02">
                  </a> <!-- TC_LogIn_02 -->
                  <span class="method-name">TC_LogIn_02</span>
                  <div class="stack-trace">org.openqa.selenium.NoSuchElementException: no such element: Unable to locate element: {&quot;method&quot;:&quot;xpath&quot;,&quot;selector&quot;:&quot;//a[contains(text(),&apos;Account Information&apos;)]&quot;}
  (Session info: chrome=74.0.3729.131)
  (Driver info: chromedriver=2.41.578737 (49da6702b16031c40d63e5618de03a32ff6c197e),platform=Windows NT 10.0.17763 x86_64) (WARNING: The server did not provide any stacktrace information)
Command duration or timeout: 0 milliseconds
For documentation on this error, please visit: http://seleniumhq.org/exceptions/no_such_element.html
Build info: version: &apos;3.13.0&apos;, revision: &apos;2f0d292&apos;, time: &apos;2018-06-25T15:24:21.231Z&apos;
System info: host: &apos;DESKTOP-GJ9SRJ9&apos;, ip: &apos;192.168.1.111&apos;, os.name: &apos;Windows 10&apos;, os.arch: &apos;amd64&apos;, os.version: &apos;10.0&apos;, java.version: &apos;1.8.0_191&apos;
Driver info: org.openqa.selenium.chrome.ChromeDriver
Capabilities {acceptInsecureCerts: false, acceptSslCerts: false, applicationCacheEnabled: false, browserConnectionEnabled: false, browserName: chrome, chrome: {chromedriverVersion: 2.41.578737 (49da6702b16031..., userDataDir: C:\Users\User\AppData\Local...}, cssSelectorsEnabled: true, databaseEnabled: false, goog:chromeOptions: {debuggerAddress: localhost:51769}, handlesAlerts: true, hasTouchScreen: false, javascriptEnabled: true, locationContextEnabled: true, mobileEmulationEnabled: false, nativeEvents: true, networkConnectionEnabled: false, pageLoadStrategy: normal, platform: XP, platformName: XP, rotatable: false, setWindowRect: true, takesHeapSnapshot: true, takesScreenshot: true, unexpectedAlertBehaviour: , unhandledPromptBehavior: , version: 74.0.3729.131, webStorageEnabled: true}
Session ID: fc56b0a78f9e5b301783f2c8060b42bf
*** Element info: {Using=xpath, value=//a[contains(text(),&apos;Account Information&apos;)]}
	at org.openqa.selenium.remote.ErrorHandler.createThrowable(ErrorHandler.java:214)
	at org.openqa.selenium.remote.ErrorHandler.throwIfResponseFailed(ErrorHandler.java:166)
	at org.openqa.selenium.remote.http.JsonHttpResponseCodec.reconstructValue(JsonHttpResponseCodec.java:40)
	at org.openqa.selenium.remote.http.AbstractHttpResponseCodec.decode(AbstractHttpResponseCodec.java:80)
	at org.openqa.selenium.remote.http.AbstractHttpResponseCodec.decode(AbstractHttpResponseCodec.java:44)
	at org.openqa.selenium.remote.HttpCommandExecutor.execute(HttpCommandExecutor.java:158)
	at org.openqa.selenium.remote.service.DriverCommandExecutor.execute(DriverCommandExecutor.java:83)
	at org.openqa.selenium.remote.RemoteWebDriver.execute(RemoteWebDriver.java:548)
	at org.openqa.selenium.remote.RemoteWebDriver.findElement(RemoteWebDriver.java:322)
	at org.openqa.selenium.remote.RemoteWebDriver.findElementByXPath(RemoteWebDriver.java:424)
	at org.openqa.selenium.By$ByXPath.findElement(By.java:353)
	at org.openqa.selenium.remote.RemoteWebDriver.findElement(RemoteWebDriver.java:314)
	at com.automation.verification.PackageVerification.logindetailsverification(PackageVerification.java:217)
	at com.automation.index.PackageIndex.TC_LogIn_02(PackageIndex.java:154)
	at java.util.concurrent.FutureTask.run(Unknown Source)
	at java.util.concurrent.ThreadPoolExecutor.runWorker(Unknown Source)
	at java.util.concurrent.ThreadPoolExecutor$Worker.run(Unknown Source)
	at java.lang.Thread.run(Unknown Source)
... Removed 20 stack frames
</div> <!-- stack-trace -->
                </div> <!-- method-content -->
              </div> <!-- method -->
            </div> <!-- main-panel-content rounded-window-bottom -->
          </div> <!-- suite-3DBroadCastSales_Functional_Test_Suite-class-skipped -->
        </div> <!-- panel 3DBroadCastSales_Functional_Test_Suite -->
        <div panel-name="test-xml-3DBroadCastSales_Functional_Test_Suite" class="panel">
          <div class="main-panel-header rounded-window-top">
            <span class="header-content">C:\Users\User\eclipse-workspace\3DBroadCastSales\Build\Package.xml</span>
          </div> <!-- main-panel-header rounded-window-top -->
          <div class="main-panel-content rounded-window-bottom">
            <pre>
&lt;?xml version=&quot;1.0&quot; encoding=&quot;UTF-8&quot;?&gt;
&lt;!DOCTYPE suite SYSTEM &quot;http://testng.org/testng-1.0.dtd&quot;&gt;
&lt;suite thread-count=&quot;1&quot; verbose=&quot;0&quot; name=&quot;3DBroadCastSales_Functional_Test_Suite&quot; parallel=&quot;tests&quot;&gt;
  &lt;parameter name=&quot;selenium.port&quot; value=&quot;4444&quot;/&gt;
  &lt;parameter name=&quot;selenium.host&quot; value=&quot;localhost&quot;/&gt;
  &lt;parameter name=&quot;selenium.browser&quot; value=&quot;chrome&quot;/&gt;
  &lt;parameter name=&quot;selenium.url&quot; value=&quot;https://staging.3dbroadcastsales.com/&quot;/&gt;
  &lt;listeners&gt;
    &lt;listener class-name=&quot;com.automation.utility.CustomReporterListener&quot;/&gt;
    &lt;listener class-name=&quot;com.automation.utility.CustomReporterEmailBuildSummary&quot;/&gt;
    &lt;listener class-name=&quot;com.automation.utility.CustomReporterforEmail&quot;/&gt;
    &lt;listener class-name=&quot;com.automation.utility.CustomReporterBuildSummary&quot;/&gt;
    &lt;listener class-name=&quot;com.automation.utility.CustomReporterTestpassDetails&quot;/&gt;
    &lt;listener class-name=&quot;com.automation.utility.CustomReporterTestFailureDetails&quot;/&gt;
    &lt;listener class-name=&quot;com.automation.utility.CustomReporterTestskipDetails&quot;/&gt;
    &lt;listener class-name=&quot;com.automation.utility.CustomReporterTestDetails&quot;/&gt;
    &lt;listener class-name=&quot;com.automation.utility.TestListener&quot;/&gt;
    &lt;listener class-name=&quot;com.automation.utility.RetryListenerClass&quot;/&gt;
  &lt;/listeners&gt;
  &lt;test thread-count=&quot;1&quot; verbose=&quot;0&quot; name=&quot;TC_LogIn_02: Verify User LogIn functionality&quot; parallel=&quot;tests&quot;&gt;
    &lt;classes&gt;
      &lt;class name=&quot;com.automation.index.PackageIndex&quot;&gt;
        &lt;methods&gt;
          &lt;include name=&quot;TC_LogIn_02&quot;/&gt;
        &lt;/methods&gt;
      &lt;/class&gt; &lt;!-- com.automation.index.PackageIndex --&gt;
    &lt;/classes&gt;
  &lt;/test&gt; &lt;!-- TC_LogIn_02: Verify User LogIn functionality --&gt;
&lt;/suite&gt; &lt;!-- 3DBroadCastSales_Functional_Test_Suite --&gt;
            </pre>
          </div> <!-- main-panel-content rounded-window-bottom -->
        </div> <!-- panel -->
        <div panel-name="testlist-3DBroadCastSales_Functional_Test_Suite" class="panel">
          <div class="main-panel-header rounded-window-top">
            <span class="header-content">Tests for 3DBroadCastSales_Functional_Test_Suite</span>
          </div> <!-- main-panel-header rounded-window-top -->
          <div class="main-panel-content rounded-window-bottom">
            <ul>
              <li>
                <span class="test-name">TC_LogIn_02: Verify User LogIn functionality (1 class)</span>
              </li>
            </ul>
          </div> <!-- main-panel-content rounded-window-bottom -->
        </div> <!-- panel -->
        <div panel-name="group-3DBroadCastSales_Functional_Test_Suite" class="panel">
          <div class="main-panel-header rounded-window-top">
            <span class="header-content">Groups for 3DBroadCastSales_Functional_Test_Suite</span>
          </div> <!-- main-panel-header rounded-window-top -->
          <div class="main-panel-content rounded-window-bottom">
          </div> <!-- main-panel-content rounded-window-bottom -->
        </div> <!-- panel -->
        <div panel-name="times-3DBroadCastSales_Functional_Test_Suite" class="panel">
          <div class="main-panel-header rounded-window-top">
            <span class="header-content">Times for 3DBroadCastSales_Functional_Test_Suite</span>
          </div> <!-- main-panel-header rounded-window-top -->
          <div class="main-panel-content rounded-window-bottom">
            <div class="times-div">
              <script type="text/javascript">
suiteTableInitFunctions.push('tableData_3DBroadCastSales_Functional_Test_Suite');
function tableData_3DBroadCastSales_Functional_Test_Suite() {
var data = new google.visualization.DataTable();
data.addColumn('number', 'Number');
data.addColumn('string', 'Method');
data.addColumn('string', 'Class');
data.addColumn('number', 'Time (ms)');
data.addRows(3);
data.setCell(0, 0, 0)
data.setCell(0, 1, 'TC_LogIn_02')
data.setCell(0, 2, 'com.automation.index.PackageIndex')
data.setCell(0, 3, 142658);
data.setCell(1, 0, 1)
data.setCell(1, 1, 'TC_LogIn_02')
data.setCell(1, 2, 'com.automation.index.PackageIndex')
data.setCell(1, 3, 142386);
data.setCell(2, 0, 2)
data.setCell(2, 1, 'TC_LogIn_02')
data.setCell(2, 2, 'com.automation.index.PackageIndex')
data.setCell(2, 3, 141949);
window.suiteTableData['3DBroadCastSales_Functional_Test_Suite']= { tableData: data, tableDiv: 'times-div-3DBroadCastSales_Functional_Test_Suite'}
return data;
}
              </script>
              <span class="suite-total-time">Total running time: 7 minutes</span>
              <div id="times-div-3DBroadCastSales_Functional_Test_Suite">
              </div> <!-- times-div-3DBroadCastSales_Functional_Test_Suite -->
            </div> <!-- times-div -->
          </div> <!-- main-panel-content rounded-window-bottom -->
        </div> <!-- panel -->
        <div panel-name="reporter-3DBroadCastSales_Functional_Test_Suite" class="panel">
          <div class="main-panel-header rounded-window-top">
            <span class="header-content">Reporter output for 3DBroadCastSales_Functional_Test_Suite</span>
          </div> <!-- main-panel-header rounded-window-top -->
          <div class="main-panel-content rounded-window-bottom">
            <div class="reporter-method-div">
              <span class="reporter-method-name">TC_LogIn_02</span>
              <div class="reporter-method-output-div">
                <span class="reporter-method-output"><strong><h1 style="color:DarkViolet;font-size:13px;">  </h1> </strong></span>
                <span class="reporter-method-output"><strong><h1 style="color:DarkViolet;font-size:13px;"> TEST CASE:TC_LogIn_02::To verify That user is able to Login with the valid details</h1> </strong></span>
                <span class="reporter-method-output"><br><strong><font color="blue">Step1: Open the Url---> https://staging.3dbroadcastsales.com/</font></strong></br></span>
                <span class="reporter-method-output"><strong><h1 style="color:saddlebrown;font-size:11px;"> -----> 3dbroadcastsales home page open <-----</h1> </strong></span>
                <span class="reporter-method-output"><strong> <h3 style="color:DarkGreen">  &#10004; <i>  SUCCESSFUL </i></h3> </strong> </span>
                <span class="reporter-method-output"><br><strong><font color="blue">Step2: Click on the Login menu</font></strong></br></span>
                <span class="reporter-method-output"><br><strong><font color="blue">Step3: Enter the Details for Login</font></strong></br></span>
                <span class="reporter-method-output"></br>&nbsp;&nbsp;&nbsp;&nbsp;---> Email Addess : JFeo@mailinator.com <---</br></span>
                <span class="reporter-method-output"></br>&nbsp;&nbsp;&nbsp;&nbsp;---> Password : pQzge@1234 <---</br></span>
                <span class="reporter-method-output"><br><strong><font color="blue">Step4: Click on Login button</font></strong></br></span>
                <span class="reporter-method-output"><br><strong><font color="blue">Step5: User Login verification.</font></strong></br></span>
                <span class="reporter-method-output"><strong><h1 style="color:saddlebrown;font-size:11px;"> ---> Verification Start <---</h1> </strong></span>
                <span class="reporter-method-output"><strong><h1 style="color:saddlebrown;font-size:11px;"> ---> Account Information Verification <---</h1> </strong></span>
                <span class="reporter-method-output"></br>&nbsp;&nbsp;&nbsp;&nbsp;---> Click on Account Menu <---</br></span>
                <span class="reporter-method-output"><br> <b>Please look to the screenshot - </b></span>
                <span class="reporter-method-output"></br>&nbsp;&nbsp;&nbsp;&nbsp;<br><Strong><font color=#FF0000>--Failed</font></strong></br></span>
                <span class="reporter-method-output"></br>&nbsp;&nbsp;&nbsp;&nbsp;<a href='screenshots/0508163516912TC_LogIn_02.png' target='_new'>0508163516912TC_LogIn_02.png</a></br></span>
                <span class="reporter-method-output"><br></br><h3>Failure Reason:</h3></span>
                <span class="reporter-method-output"><br></br>org.openqa.selenium.NoSuchElementException: no such element: Unable to locate element: {&quot;method&quot;:&quot;xpath&quot;,&quot;selector&quot;:&quot;//a[contains(text(),&apos;Account Information&apos;)]&quot;}</span>
                <span class="reporter-method-output"></br>&nbsp;&nbsp;&nbsp;&nbsp;<hr size='15px' noshade color='red'></br></span>
              </div> <!-- reporter-method-output-div -->
            </div> <!-- reporter-method-div -->
            <div class="reporter-method-div">
              <span class="reporter-method-name">TC_LogIn_02</span>
              <div class="reporter-method-output-div">
                <span class="reporter-method-output"><strong><h1 style="color:DarkViolet;font-size:13px;">  </h1> </strong></span>
                <span class="reporter-method-output"><strong><h1 style="color:DarkViolet;font-size:13px;"> TEST CASE:TC_LogIn_02::To verify That user is able to Login with the valid details</h1> </strong></span>
                <span class="reporter-method-output"><br><strong><font color="blue">Step1: Open the Url---> https://staging.3dbroadcastsales.com/</font></strong></br></span>
                <span class="reporter-method-output"><strong><h1 style="color:saddlebrown;font-size:11px;"> -----> 3dbroadcastsales home page open <-----</h1> </strong></span>
                <span class="reporter-method-output"><strong> <h3 style="color:DarkGreen">  &#10004; <i>  SUCCESSFUL </i></h3> </strong> </span>
                <span class="reporter-method-output"><br><strong><font color="blue">Step2: Click on the Login menu</font></strong></br></span>
                <span class="reporter-method-output"><br><strong><font color="blue">Step3: Enter the Details for Login</font></strong></br></span>
                <span class="reporter-method-output"></br>&nbsp;&nbsp;&nbsp;&nbsp;---> Email Addess : JFeo@mailinator.com <---</br></span>
                <span class="reporter-method-output"></br>&nbsp;&nbsp;&nbsp;&nbsp;---> Password : pQzge@1234 <---</br></span>
                <span class="reporter-method-output"><br><strong><font color="blue">Step4: Click on Login button</font></strong></br></span>
                <span class="reporter-method-output"><br><strong><font color="blue">Step5: User Login verification.</font></strong></br></span>
                <span class="reporter-method-output"><strong><h1 style="color:saddlebrown;font-size:11px;"> ---> Verification Start <---</h1> </strong></span>
                <span class="reporter-method-output"><strong><h1 style="color:saddlebrown;font-size:11px;"> ---> Account Information Verification <---</h1> </strong></span>
                <span class="reporter-method-output"></br>&nbsp;&nbsp;&nbsp;&nbsp;---> Click on Account Menu <---</br></span>
                <span class="reporter-method-output"><br> <b>Please look to the screenshot - </b></span>
                <span class="reporter-method-output"></br>&nbsp;&nbsp;&nbsp;&nbsp;<br><Strong><font color=#FF0000>--Failed</font></strong></br></span>
                <span class="reporter-method-output"></br>&nbsp;&nbsp;&nbsp;&nbsp;<a href='screenshots/0508163235540TC_LogIn_02.png' target='_new'>0508163235540TC_LogIn_02.png</a></br></span>
                <span class="reporter-method-output"></br>&nbsp;&nbsp;&nbsp;&nbsp;<hr size='15px' noshade color='red'></br></span>
              </div> <!-- reporter-method-output-div -->
            </div> <!-- reporter-method-div -->
            <div class="reporter-method-div">
              <span class="reporter-method-name">TC_LogIn_02</span>
              <div class="reporter-method-output-div">
                <span class="reporter-method-output"><strong><h1 style="color:DarkViolet;font-size:13px;">  </h1> </strong></span>
                <span class="reporter-method-output"><strong><h1 style="color:DarkViolet;font-size:13px;"> TEST CASE:TC_LogIn_02::To verify That user is able to Login with the valid details</h1> </strong></span>
                <span class="reporter-method-output"><br><strong><font color="blue">Step1: Open the Url---> https://staging.3dbroadcastsales.com/</font></strong></br></span>
                <span class="reporter-method-output"><strong><h1 style="color:saddlebrown;font-size:11px;"> -----> 3dbroadcastsales home page open <-----</h1> </strong></span>
                <span class="reporter-method-output"><strong> <h3 style="color:DarkGreen">  &#10004; <i>  SUCCESSFUL </i></h3> </strong> </span>
                <span class="reporter-method-output"><br><strong><font color="blue">Step2: Click on the Login menu</font></strong></br></span>
                <span class="reporter-method-output"><br><strong><font color="blue">Step3: Enter the Details for Login</font></strong></br></span>
                <span class="reporter-method-output"></br>&nbsp;&nbsp;&nbsp;&nbsp;---> Email Addess : JFeo@mailinator.com <---</br></span>
                <span class="reporter-method-output"></br>&nbsp;&nbsp;&nbsp;&nbsp;---> Password : pQzge@1234 <---</br></span>
                <span class="reporter-method-output"><br><strong><font color="blue">Step4: Click on Login button</font></strong></br></span>
                <span class="reporter-method-output"><br><strong><font color="blue">Step5: User Login verification.</font></strong></br></span>
                <span class="reporter-method-output"><strong><h1 style="color:saddlebrown;font-size:11px;"> ---> Verification Start <---</h1> </strong></span>
                <span class="reporter-method-output"><strong><h1 style="color:saddlebrown;font-size:11px;"> ---> Account Information Verification <---</h1> </strong></span>
                <span class="reporter-method-output"></br>&nbsp;&nbsp;&nbsp;&nbsp;---> Click on Account Menu <---</br></span>
                <span class="reporter-method-output"><br> <b>Please look to the screenshot - </b></span>
                <span class="reporter-method-output"></br>&nbsp;&nbsp;&nbsp;&nbsp;<br><Strong><font color=#FF0000>--Failed</font></strong></br></span>
                <span class="reporter-method-output"></br>&nbsp;&nbsp;&nbsp;&nbsp;<a href='screenshots/0508162950811TC_LogIn_02.png' target='_new'>0508162950811TC_LogIn_02.png</a></br></span>
                <span class="reporter-method-output"></br>&nbsp;&nbsp;&nbsp;&nbsp;<hr size='15px' noshade color='red'></br></span>
              </div> <!-- reporter-method-output-div -->
            </div> <!-- reporter-method-div -->
          </div> <!-- main-panel-content rounded-window-bottom -->
        </div> <!-- panel -->
        <div panel-name="ignored-methods-3DBroadCastSales_Functional_Test_Suite" class="panel">
          <div class="main-panel-header rounded-window-top">
            <span class="header-content">3 ignored methods</span>
          </div> <!-- main-panel-header rounded-window-top -->
          <div class="main-panel-content rounded-window-bottom">
            <div class="ignored-class-div">
              <span class="ignored-class-name">com.automation.index.PackageIndex</span>
              <div class="ignored-methods-div">
                <span class="ignored-method-name">TC_Menu_Page_03</span>
                <br/>
                <span class="ignored-method-name">TC_Wish_Compare_04</span>
                <br/>
                <span class="ignored-method-name">TC_SignUp_01</span>
                <br/>
              </div> <!-- ignored-methods-div -->
            </div> <!-- ignored-class-div -->
          </div> <!-- main-panel-content rounded-window-bottom -->
        </div> <!-- panel -->
        <div panel-name="chronological-3DBroadCastSales_Functional_Test_Suite" class="panel">
          <div class="main-panel-header rounded-window-top">
            <span class="header-content">Methods in chronological order</span>
          </div> <!-- main-panel-header rounded-window-top -->
          <div class="main-panel-content rounded-window-bottom">
            <div class="chronological-class">
              <div class="chronological-class-name">com.automation.index.PackageIndex</div> <!-- chronological-class-name -->
              <div class="configuration-suite before">
                <span class="method-name">sheetupdate</span>
                <span class="method-start">0 ms</span>
              </div> <!-- configuration-suite before -->
              <div class="configuration-test before">
                <span class="method-name">fetchSuiteConfiguration(org.testng.TestRunner@1f4d38f9)</span>
                <span class="method-start">20959 ms</span>
              </div> <!-- configuration-test before -->
              <div class="configuration-class before">
                <span class="method-name">fetchSuiteConfigurationclass(org.testng.TestRunner@1f4d38f9)</span>
                <span class="method-start">21004 ms</span>
              </div> <!-- configuration-class before -->
              <div class="configuration-method before">
                <span class="method-name">setUp(public void com.automation.index.PackageIndex.TC_LogIn_02(), org.testng.TestRunner@1f4d38f9)</span>
                <span class="method-start">21018 ms</span>
              </div> <!-- configuration-method before -->
              <div class="test-method">
                <span class="method-name">TC_LogIn_02</span>
                <span class="method-start">39375 ms</span>
              </div> <!-- test-method -->
              <div class="configuration-method after">
                <span class="method-name">tearDown([TestResult name=TC_LogIn_02 status=SKIP method=PackageIndex.TC_LogIn_02()[pri:0, instance:com.autom...)</span>
                <span class="method-start">181727 ms</span>
              </div> <!-- configuration-method after -->
              <div class="configuration-method before">
                <span class="method-name">setUp(public void com.automation.index.PackageIndex.TC_LogIn_02(), org.testng.TestRunner@1f4d38f9)</span>
                <span class="method-start">185482 ms</span>
              </div> <!-- configuration-method before -->
              <div class="test-method">
                <span class="method-name">TC_LogIn_02</span>
                <span class="method-start">203813 ms</span>
              </div> <!-- test-method -->
              <div class="configuration-method after">
                <span class="method-name">tearDown([TestResult name=TC_LogIn_02 status=SKIP method=PackageIndex.TC_LogIn_02()[pri:0, instance:com.autom...)</span>
                <span class="method-start">346736 ms</span>
              </div> <!-- configuration-method after -->
              <div class="configuration-method before">
                <span class="method-name">setUp(public void com.automation.index.PackageIndex.TC_LogIn_02(), org.testng.TestRunner@1f4d38f9)</span>
                <span class="method-start">348125 ms</span>
              </div> <!-- configuration-method before -->
              <div class="test-method">
                <img src="failed.png">
                </img>
                <span class="method-name">TC_LogIn_02</span>
                <span class="method-start">365031 ms</span>
              </div> <!-- test-method -->
              <div class="configuration-method after">
                <span class="method-name">tearDown([TestResult name=TC_LogIn_02 status=FAILURE method=PackageIndex.TC_LogIn_02()[pri:0, instance:com.au...)</span>
                <span class="method-start">508189 ms</span>
              </div> <!-- configuration-method after -->
          </div> <!-- main-panel-content rounded-window-bottom -->
        </div> <!-- panel -->
      </div> <!-- main-panel-root -->
    </div> <!-- wrapper -->
  </body>
</html>
